make all --print-data-base --no-builtin-variables --no-builtin-rules --question
# GNU Make 3.81
# Copyright (C) 2006  Free Software Foundation, Inc.
# This is free software; see the source for copying conditions.
# There is NO warranty; not even for MERCHANTABILITY or FITNESS FOR A
# PARTICULAR PURPOSE.

# This program built for i386-apple-darwin11.3.0

# Make data base, printed on Sun Aug 14 22:08:22 2022

# Variables

# automatic
<D = $(patsubst %/,%,$(dir $<))
# automatic
?F = $(notdir $?)
# environment
ELECTRON_NO_ATTACH_CONSOLE = 1
# automatic
?D = $(patsubst %/,%,$(dir $?))
# automatic
@D = $(patsubst %/,%,$(dir $@))
# automatic
@F = $(notdir $@)
# makefile
CURDIR := /Users/jaeyu/42/cpp_module/08/ex00
# makefile
SHELL = /bin/sh
# environment
VSCODE_NLS_CONFIG = {"locale":"ko","availableLanguages":{"*":"ko"},"_languagePackId":"cbe5aafd932102a66266fc5a1fc1d63c.ko","_translationsConfigFile":"/Users/jaeyu/Library/Application Support/Code/clp/cbe5aafd932102a66266fc5a1fc1d63c.ko/tcf.json","_cacheRoot":"/Users/jaeyu/Library/Application Support/Code/clp/cbe5aafd932102a66266fc5a1fc1d63c.ko","_resolvedLanguagePackCoreLocation":"/Users/jaeyu/Library/Application Support/Code/clp/cbe5aafd932102a66266fc5a1fc1d63c.ko/6d9b74a70ca9c7733b29f0456fd8195364076dda","_corruptedFile":"/Users/jaeyu/Library/Application Support/Code/clp/cbe5aafd932102a66266fc5a1fc1d63c.ko/corrupted.info","_languagePackSupport":true}
# environment
_ = /usr/bin/make
# makefile (from `Makefile', line 14)
CFLAGS = -Wall -Wextra -Werror -std=c++98
# makefile (from `Makefile', line 1)
MAKEFILE_LIST :=  Makefile
# environment
__CFBundleIdentifier = com.microsoft.VSCode
# environment
P9K_SSH = 0
# environment
VSCODE_CWD = /Users/jaeyu/42/cpp_module/08/ex00
# environment
PATH = /usr/local/bin:/usr/bin:/bin:/usr/sbin:/sbin:/usr/local/share/dotnet:~/.dotnet/tools:/Library/Frameworks/Mono.framework/Versions/Current/Commands
# environment
LSCOLORS = Gxfxcxdxbxegedabagacad
# environment
ELECTRON_RUN_AS_NODE = 1
# default
.FEATURES := target-specific order-only second-expansion else-if archives jobserver check-symlink
# environment
SSH_AUTH_SOCK = /private/tmp/com.apple.launchd.INX3zQZTg7/Listeners
# automatic
%F = $(notdir $%)
# makefile (from `Makefile', line 19)
OBJS = $(SRCS:.cpp=.o)
# environment
PWD = /Users/jaeyu/42/cpp_module/08/ex00
# environment
ORIGINAL_XDG_CURRENT_DESKTOP = undefined
# environment
VSCODE_AMD_ENTRYPOINT = vs/workbench/api/node/extensionHostProcess
# environment
HOME = /Users/jaeyu
# default
MAKEFILEPATH = $(shell /usr/bin/xcode-select -print-path 2>/dev/null || echo /Developer)/Makefiles
# environment
VSCODE_CLI = 1
# environment
VSCODE_CODE_CACHE_PATH = /Users/jaeyu/Library/Application Support/Code/CachedData/6d9b74a70ca9c7733b29f0456fd8195364076dda
# environment
LOGNAME = jaeyu
# environment
APPLICATION_INSIGHTS_NO_DIAGNOSTIC_CHANNEL = 1
# environment
ZSH = /Users/jaeyu/.oh-my-zsh
# environment
VSCODE_HANDLES_UNCAUGHT_ERRORS = true
# automatic
^D = $(patsubst %/,%,$(dir $^))
# environment
XPC_FLAGS = 0x0
# environment
COLORTERM = truecolor
# default
MAKE = $(MAKE_COMMAND)
# environment
LC_TERMINAL = iTerm2
# makefile (from `Makefile', line 17)
SRCS = ./main.cpp
# environment
SHLVL = 3
# makefile (from `Makefile', line 13)
CC = c++
# default
MAKE_VERSION := 3.81
# environment
USER = jseol
# makefile
.DEFAULT_GOAL := a.out
# default
MAKECMDGOALS := all
# environment
TERM_SESSION_ID = w0t0p0:61649E20-98DD-44AE-A286-14066B98B72E
# makefile (from `Makefile', line 15)
NAME = a.out
# environment
LESS = -R
# automatic
%D = $(patsubst %/,%,$(dir $%))
# default
MAKE_COMMAND := /Library/Developer/CommandLineTools/usr/bin/make
# environment
TERM_PROGRAM = iTerm.app
# default
.VARIABLES := 
# environment
TMPDIR = /var/folders/yl/cx0lq5855q710xwcm7jvq3lh0000gn/T/
# automatic
*F = $(notdir $*)
# environment
VSCODE_IPC_HOOK = /Users/jaeyu/Library/Application Support/Code/1.70.1-main.sock
# environment
MallocNanoZone = 0
# makefile
MAKEFLAGS = Rrqp
# environment
MFLAGS = -Rrqp
# automatic
*D = $(patsubst %/,%,$(dir $*))
# environment
TERM_PROGRAM_VERSION = 3.4.16
# environment
MAIL = jseol@student.42seoul.kr
# environment
XPC_SERVICE_NAME = application.com.microsoft.VSCode.16961336.16961342.2D35A727-BB85-4847-8375-323A2F81C42D
# environment
LC_TERMINAL_VERSION = 3.4.16
# automatic
+D = $(patsubst %/,%,$(dir $+))
# automatic
+F = $(notdir $+)
# environment
ITERM_SESSION_ID = w0t0p0:61649E20-98DD-44AE-A286-14066B98B72E
# environment
COLORFGBG = 15;0
# environment
__CF_USER_TEXT_ENCODING = 0x1F5:0x3:0x33
# environment
COMMAND_MODE = unix2003
# default
MAKEFILES := 
# automatic
<F = $(notdir $<)
# environment
ITERM_PROFILE = Default
# environment
PAGER = less
# environment
LC_ALL = C
# environment
P9K_TTY = old
# automatic
^F = $(notdir $^)
# default
SUFFIXES := 
# default
.INCLUDE_DIRS = /usr/local/include
# environment
MAKELEVEL := 0
# environment
LANG = C
# environment
TERM = xterm-256color
# environment
_P9K_TTY = /dev/ttys000
# environment
VSCODE_PID = 69739
# variable set hash-table stats:
# Load=83/1024=8%, Rehash=0, Collisions=8/115=7%

# Pattern-specific Variable Values

# No pattern-specific variable values.

# Directories

# . (device 16777220, inode 16967422): 6 files, no impossibilities.

# 6 files, no impossibilities in 1 directories.

# Implicit Rules

%.o: %.cpp
#  commands to execute (from `Makefile', line 25):
	$(CC) $(CFLAGS) -c $< -o $@
	

# 1 implicit rules, 0 (0.0%) terminal.

# Files

all: a.out
#  Command-line target.
#  Implicit rule search has been done.
#  File does not exist.
#  File has been updated.
#  Needs to be updated (-q is set).
# variable set hash-table stats:
# Load=0/32=0%, Rehash=0, Collisions=0/4=0%

# Not a target:
.SUFFIXES:
#  Implicit rule search has not been done.
#  Modification time never checked.
#  File has not been updated.

# Not a target:
Makefile:
#  Implicit rule search has been done.
#  Last modified 2022-08-14 22:08:08
#  File has been updated.
#  Successfully updated.
# variable set hash-table stats:
# Load=0/32=0%, Rehash=0, Collisions=0/0=0%

# Not a target:
main.cpp:
#  Implicit rule search has been done.
#  Last modified 2022-08-14 22:08:03
#  File has been updated.
#  Successfully updated.
# variable set hash-table stats:
# Load=0/32=0%, Rehash=0, Collisions=0/0=0%

a.out: main.o
#  Implicit rule search has not been done.
#  File does not exist.
#  File has been updated.
#  Needs to be updated (-q is set).
# variable set hash-table stats:
# Load=0/32=0%, Rehash=0, Collisions=0/4=0%
#  commands to execute (from `Makefile', line 22):
	$(CC) $(CFLAGS) $^ -o $@
	

fclean: clean
#  Implicit rule search has not been done.
#  Modification time never checked.
#  File has not been updated.
#  commands to execute (from `Makefile', line 33):
	rm -rf $(NAME)
	

# Not a target:
.DEFAULT:
#  Implicit rule search has not been done.
#  Modification time never checked.
#  File has not been updated.

re: fclean all
#  Implicit rule search has not been done.
#  Modification time never checked.
#  File has not been updated.

clean:
#  Implicit rule search has not been done.
#  Modification time never checked.
#  File has not been updated.
#  commands to execute (from `Makefile', line 30):
	rm -rf $(OBJS)
	

main.o: main.cpp
#  Implicit rule search has been done.
#  Implicit/static pattern stem: `main'
#  File does not exist.
#  File has been updated.
#  Needs to be updated (-q is set).
# automatic
# @ := main.o
# automatic
# % := 
# automatic
# * := main
# automatic
# + := main.cpp
# automatic
# | := 
# automatic
# < := main.cpp
# automatic
# ^ := main.cpp
# automatic
# ? := main.cpp
# variable set hash-table stats:
# Load=8/32=25%, Rehash=0, Collisions=1/14=7%
#  commands to execute (from `Makefile', line 25):
	$(CC) $(CFLAGS) -c $< -o $@
	

# files hash-table stats:
# Load=10/1024=1%, Rehash=0, Collisions=0/31=0%
# VPATH Search Paths

# No `vpath' search paths.

# No general (`VPATH' variable) search path.

# # of strings in strcache: 1
# # of strcache buffers: 1
# strcache size: total = 4096 / max = 4096 / min = 4096 / avg = 4096
# strcache free: total = 4087 / max = 4087 / min = 4087 / avg = 4087

# Finished Make data base on Sun Aug 14 22:08:22 2022

 
